<?xml version="1.0" encoding="UTF-8"?>
<!-- Generated by org.testng.reporters.JUnitReportReporter -->
<testsuite hostname="BDC7-D-DLVHH92" name="Selenium1.Test1" tests="2" failures="0" timestamp="4 Jul 2018 04:53:28 GMT" time="0.016" errors="0">
  <testcase name="testDemoWebShop" time="0.016" classname="Selenium1.Test1"/>
  <testcase name="testPayment" time="0.000" classname="Selenium1.Test1"/>
</testsuite> <!-- Selenium1.Test1 -->
